<?xml version="1.0" encoding="UTF-8"?>
<coverage generated="1681419646288" clover="3.2.0">
  <project timestamp="1681419646288" name="All files">
    <metrics statements="49" coveredstatements="43" conditionals="30" coveredconditionals="26" methods="8" coveredmethods="6" elements="87" coveredelements="75" complexity="0" loc="49" ncloc="49" packages="1" files="1" classes="1"/>
    <file name="App.jsx" path="C:\Users\RPC\Documents\GitHub\Assgnt3\src\App.jsx">
      <metrics statements="49" coveredstatements="43" conditionals="30" coveredconditionals="26" methods="8" coveredmethods="6"/>
      <line num="7" count="31" type="stmt"/>
      <line num="9" count="31" type="stmt"/>
      <line num="10" count="31" type="stmt"/>
      <line num="12" count="31" type="stmt"/>
      <line num="13" count="31" type="stmt"/>
      <line num="15" count="31" type="stmt"/>
      <line num="16" count="0" type="stmt"/>
      <line num="17" count="0" type="stmt"/>
      <line num="19" count="0" type="stmt"/>
      <line num="21" count="0" type="stmt"/>
      <line num="24" count="31" type="stmt"/>
      <line num="26" count="31" type="stmt"/>
      <line num="28" count="31" type="stmt"/>
      <line num="30" count="31" type="stmt"/>
      <line num="31" count="7" type="stmt"/>
      <line num="33" count="7" type="cond" truecount="4" falsecount="0"/>
      <line num="34" count="6" type="stmt"/>
      <line num="38" count="31" type="stmt"/>
      <line num="39" count="7" type="stmt"/>
      <line num="41" count="7" type="cond" truecount="2" falsecount="2"/>
      <line num="42" count="7" type="stmt"/>
      <line num="46" count="31" type="stmt"/>
      <line num="47" count="9" type="stmt"/>
      <line num="49" count="9" type="cond" truecount="4" falsecount="0"/>
      <line num="50" count="8" type="stmt"/>
      <line num="54" count="31" type="stmt"/>
      <line num="55" count="6" type="cond" truecount="4" falsecount="1"/>
      <line num="58" count="6" type="cond" truecount="5" falsecount="0"/>
      <line num="59" count="1" type="stmt"/>
      <line num="63" count="6" type="stmt"/>
      <line num="64" count="6" type="stmt"/>
      <line num="65" count="6" type="stmt"/>
      <line num="67" count="6" type="stmt"/>
      <line num="68" count="6" type="stmt"/>
      <line num="72" count="6" type="cond" truecount="2" falsecount="0"/>
      <line num="73" count="1" type="stmt"/>
      <line num="74" count="5" type="cond" truecount="2" falsecount="0"/>
      <line num="75" count="2" type="stmt"/>
      <line num="76" count="3" type="cond" truecount="2" falsecount="0"/>
      <line num="77" count="1" type="stmt"/>
      <line num="79" count="2" type="stmt"/>
      <line num="84" count="6" type="cond" truecount="1" falsecount="1"/>
      <line num="85" count="6" type="stmt"/>
      <line num="86" count="6" type="stmt"/>
      <line num="88" count="0" type="stmt"/>
      <line num="98" count="31" type="stmt"/>
      <line num="99" count="6" type="stmt"/>
      <line num="106" count="31" type="stmt"/>
      <line num="110" count="0" type="stmt"/>
    </file>
  </project>
</coverage>
