<?xml version="1.0" encoding="UTF-8"?>
<coverage generated="1681420360349" clover="3.2.0">
  <project timestamp="1681420360350" name="All files">
    <metrics statements="49" coveredstatements="42" conditionals="30" coveredconditionals="26" methods="8" coveredmethods="6" elements="87" coveredelements="74" complexity="0" loc="49" ncloc="49" packages="1" files="1" classes="1"/>
    <file name="App.jsx" path="C:\Users\RPC\Documents\GitHub\Assgnt3\src\App.jsx">
      <metrics statements="49" coveredstatements="42" conditionals="30" coveredconditionals="26" methods="8" coveredmethods="6"/>
      <line num="10" count="31" type="stmt"/>
      <line num="13" count="31" type="stmt"/>
      <line num="15" count="31" type="stmt"/>
      <line num="16" count="31" type="stmt"/>
      <line num="18" count="31" type="stmt"/>
      <line num="19" count="0" type="stmt"/>
      <line num="20" count="0" type="stmt"/>
      <line num="22" count="0" type="stmt"/>
      <line num="24" count="0" type="stmt"/>
      <line num="27" count="31" type="stmt"/>
      <line num="29" count="31" type="stmt"/>
      <line num="31" count="31" type="stmt"/>
      <line num="33" count="31" type="stmt"/>
      <line num="34" count="7" type="stmt"/>
      <line num="36" count="7" type="cond" truecount="4" falsecount="0"/>
      <line num="37" count="6" type="stmt"/>
      <line num="41" count="31" type="stmt"/>
      <line num="42" count="7" type="stmt"/>
      <line num="44" count="7" type="cond" truecount="2" falsecount="2"/>
      <line num="45" count="7" type="stmt"/>
      <line num="49" count="31" type="stmt"/>
      <line num="50" count="9" type="stmt"/>
      <line num="52" count="9" type="cond" truecount="4" falsecount="0"/>
      <line num="53" count="8" type="stmt"/>
      <line num="57" count="31" type="stmt"/>
      <line num="58" count="6" type="cond" truecount="4" falsecount="1"/>
      <line num="59" count="0" type="stmt"/>
      <line num="61" count="6" type="cond" truecount="5" falsecount="0"/>
      <line num="62" count="1" type="stmt"/>
      <line num="65" count="6" type="stmt"/>
      <line num="66" count="6" type="stmt"/>
      <line num="67" count="6" type="stmt"/>
      <line num="69" count="6" type="stmt"/>
      <line num="70" count="6" type="stmt"/>
      <line num="74" count="6" type="cond" truecount="2" falsecount="0"/>
      <line num="75" count="1" type="stmt"/>
      <line num="76" count="5" type="cond" truecount="2" falsecount="0"/>
      <line num="77" count="2" type="stmt"/>
      <line num="78" count="3" type="cond" truecount="2" falsecount="0"/>
      <line num="79" count="1" type="stmt"/>
      <line num="81" count="2" type="stmt"/>
      <line num="84" count="6" type="cond" truecount="1" falsecount="1"/>
      <line num="85" count="6" type="stmt"/>
      <line num="86" count="6" type="stmt"/>
      <line num="88" count="0" type="stmt"/>
      <line num="92" count="31" type="stmt"/>
      <line num="93" count="6" type="stmt"/>
      <line num="100" count="31" type="stmt"/>
      <line num="104" count="0" type="stmt"/>
    </file>
  </project>
</coverage>
