{"C:\\Users\\RPC\\Documents\\GitHub\\Assgnt3\\src\\App.jsx": {"path":"C:\\Users\\RPC\\Documents\\GitHub\\Assgnt3\\src\\App.jsx","statementMap":{"0":{"start":{"line":10,"column":14},"end":{"line":10,"column":26}},"1":{"start":{"line":13,"column":20},"end":{"line":13,"column":30}},"2":{"start":{"line":15,"column":20},"end":{"line":15,"column":30}},"3":{"start":{"line":16,"column":20},"end":{"line":16,"column":28}},"4":{"start":{"line":18,"column":25},"end":{"line":25,"column":3}},"5":{"start":{"line":19,"column":17},"end":{"line":19,"column":54}},"6":{"start":{"line":20,"column":17},"end":{"line":20,"column":55}},"7":{"start":{"line":22,"column":4},"end":{"line":22,"column":15}},"8":{"start":{"line":24,"column":4},"end":{"line":24,"column":15}},"9":{"start":{"line":27,"column":40},"end":{"line":27,"column":52}},"10":{"start":{"line":29,"column":40},"end":{"line":29,"column":52}},"11":{"start":{"line":31,"column":40},"end":{"line":31,"column":52}},"12":{"start":{"line":33,"column":28},"end":{"line":39,"column":3}},"13":{"start":{"line":34,"column":18},"end":{"line":34,"column":33}},"14":{"start":{"line":36,"column":4},"end":{"line":38,"column":5}},"15":{"start":{"line":37,"column":6},"end":{"line":37,"column":41}},"16":{"start":{"line":41,"column":34},"end":{"line":47,"column":3}},"17":{"start":{"line":42,"column":18},"end":{"line":42,"column":33}},"18":{"start":{"line":44,"column":4},"end":{"line":46,"column":5}},"19":{"start":{"line":45,"column":6},"end":{"line":45,"column":41}},"20":{"start":{"line":49,"column":34},"end":{"line":55,"column":3}},"21":{"start":{"line":50,"column":18},"end":{"line":50,"column":35}},"22":{"start":{"line":52,"column":4},"end":{"line":54,"column":5}},"23":{"start":{"line":53,"column":6},"end":{"line":53,"column":41}},"24":{"start":{"line":57,"column":23},"end":{"line":90,"column":3}},"25":{"start":{"line":58,"column":4},"end":{"line":60,"column":5}},"26":{"start":{"line":59,"column":6},"end":{"line":59,"column":47}},"27":{"start":{"line":61,"column":4},"end":{"line":63,"column":5}},"28":{"start":{"line":62,"column":6},"end":{"line":62,"column":47}},"29":{"start":{"line":65,"column":30},"end":{"line":65,"column":60}},"30":{"start":{"line":66,"column":21},"end":{"line":66,"column":34}},"31":{"start":{"line":67,"column":21},"end":{"line":67,"column":46}},"32":{"start":{"line":69,"column":14},"end":{"line":69,"column":38}},"33":{"start":{"line":70,"column":4},"end":{"line":70,"column":37}},"34":{"start":{"line":74,"column":4},"end":{"line":82,"column":5}},"35":{"start":{"line":75,"column":6},"end":{"line":75,"column":31}},"36":{"start":{"line":76,"column":11},"end":{"line":82,"column":5}},"37":{"start":{"line":77,"column":6},"end":{"line":77,"column":33}},"38":{"start":{"line":78,"column":11},"end":{"line":82,"column":5}},"39":{"start":{"line":79,"column":6},"end":{"line":79,"column":30}},"40":{"start":{"line":81,"column":6},"end":{"line":81,"column":25}},"41":{"start":{"line":84,"column":4},"end":{"line":89,"column":5}},"42":{"start":{"line":85,"column":6},"end":{"line":85,"column":65}},"43":{"start":{"line":86,"column":6},"end":{"line":86,"column":31}},"44":{"start":{"line":88,"column":6},"end":{"line":88,"column":35}},"45":{"start":{"line":92,"column":23},"end":{"line":98,"column":3}},"46":{"start":{"line":93,"column":4},"end":{"line":97,"column":6}},"47":{"start":{"line":100,"column":2},"end":{"line":157,"column":3}},"48":{"start":{"line":104,"column":8},"end":{"line":104,"column":26}}},"fnMap":{"0":{"name":"App","decl":{"start":{"line":9,"column":9},"end":{"line":9,"column":12}},"loc":{"start":{"line":9,"column":16},"end":{"line":158,"column":1}},"line":9},"1":{"name":"(anonymous_1)","decl":{"start":{"line":18,"column":25},"end":{"line":18,"column":26}},"loc":{"start":{"line":18,"column":36},"end":{"line":25,"column":3}},"line":18},"2":{"name":"(anonymous_2)","decl":{"start":{"line":33,"column":28},"end":{"line":33,"column":29}},"loc":{"start":{"line":33,"column":39},"end":{"line":39,"column":3}},"line":33},"3":{"name":"(anonymous_3)","decl":{"start":{"line":41,"column":34},"end":{"line":41,"column":35}},"loc":{"start":{"line":41,"column":45},"end":{"line":47,"column":3}},"line":41},"4":{"name":"(anonymous_4)","decl":{"start":{"line":49,"column":34},"end":{"line":49,"column":35}},"loc":{"start":{"line":49,"column":45},"end":{"line":55,"column":3}},"line":49},"5":{"name":"(anonymous_5)","decl":{"start":{"line":57,"column":23},"end":{"line":57,"column":24}},"loc":{"start":{"line":57,"column":61},"end":{"line":90,"column":3}},"line":57},"6":{"name":"(anonymous_6)","decl":{"start":{"line":92,"column":23},"end":{"line":92,"column":24}},"loc":{"start":{"line":92,"column":29},"end":{"line":98,"column":3}},"line":92},"7":{"name":"(anonymous_7)","decl":{"start":{"line":103,"column":19},"end":{"line":103,"column":20}},"loc":{"start":{"line":103,"column":26},"end":{"line":105,"column":7}},"line":103}},"branchMap":{"0":{"loc":{"start":{"line":36,"column":4},"end":{"line":38,"column":5}},"type":"if","locations":[{"start":{"line":36,"column":4},"end":{"line":38,"column":5}},{"start":{},"end":{}}],"line":36},"1":{"loc":{"start":{"line":36,"column":8},"end":{"line":36,"column":67}},"type":"binary-expr","locations":[{"start":{"line":36,"column":8},"end":{"line":36,"column":38}},{"start":{"line":36,"column":42},"end":{"line":36,"column":67}}],"line":36},"2":{"loc":{"start":{"line":44,"column":4},"end":{"line":46,"column":5}},"type":"if","locations":[{"start":{"line":44,"column":4},"end":{"line":46,"column":5}},{"start":{},"end":{}}],"line":44},"3":{"loc":{"start":{"line":44,"column":8},"end":{"line":44,"column":67}},"type":"binary-expr","locations":[{"start":{"line":44,"column":8},"end":{"line":44,"column":38}},{"start":{"line":44,"column":42},"end":{"line":44,"column":67}}],"line":44},"4":{"loc":{"start":{"line":52,"column":4},"end":{"line":54,"column":5}},"type":"if","locations":[{"start":{"line":52,"column":4},"end":{"line":54,"column":5}},{"start":{},"end":{}}],"line":52},"5":{"loc":{"start":{"line":52,"column":8},"end":{"line":52,"column":67}},"type":"binary-expr","locations":[{"start":{"line":52,"column":8},"end":{"line":52,"column":38}},{"start":{"line":52,"column":42},"end":{"line":52,"column":67}}],"line":52},"6":{"loc":{"start":{"line":58,"column":4},"end":{"line":60,"column":5}},"type":"if","locations":[{"start":{"line":58,"column":4},"end":{"line":60,"column":5}},{"start":{},"end":{}}],"line":58},"7":{"loc":{"start":{"line":58,"column":8},"end":{"line":58,"column":56}},"type":"binary-expr","locations":[{"start":{"line":58,"column":8},"end":{"line":58,"column":22}},{"start":{"line":58,"column":26},"end":{"line":58,"column":42}},{"start":{"line":58,"column":46},"end":{"line":58,"column":56}}],"line":58},"8":{"loc":{"start":{"line":61,"column":4},"end":{"line":63,"column":5}},"type":"if","locations":[{"start":{"line":61,"column":4},"end":{"line":63,"column":5}},{"start":{},"end":{}}],"line":61},"9":{"loc":{"start":{"line":61,"column":8},"end":{"line":61,"column":64}},"type":"binary-expr","locations":[{"start":{"line":61,"column":9},"end":{"line":61,"column":25}},{"start":{"line":61,"column":29},"end":{"line":61,"column":47}},{"start":{"line":61,"column":52},"end":{"line":61,"column":64}}],"line":61},"10":{"loc":{"start":{"line":74,"column":4},"end":{"line":82,"column":5}},"type":"if","locations":[{"start":{"line":74,"column":4},"end":{"line":82,"column":5}},{"start":{"line":76,"column":11},"end":{"line":82,"column":5}}],"line":74},"11":{"loc":{"start":{"line":76,"column":11},"end":{"line":82,"column":5}},"type":"if","locations":[{"start":{"line":76,"column":11},"end":{"line":82,"column":5}},{"start":{"line":78,"column":11},"end":{"line":82,"column":5}}],"line":76},"12":{"loc":{"start":{"line":78,"column":11},"end":{"line":82,"column":5}},"type":"if","locations":[{"start":{"line":78,"column":11},"end":{"line":82,"column":5}},{"start":{"line":80,"column":11},"end":{"line":82,"column":5}}],"line":78},"13":{"loc":{"start":{"line":84,"column":4},"end":{"line":89,"column":5}},"type":"if","locations":[{"start":{"line":84,"column":4},"end":{"line":89,"column":5}},{"start":{"line":87,"column":11},"end":{"line":89,"column":5}}],"line":84}},"s":{"0":31,"1":31,"2":31,"3":31,"4":31,"5":0,"6":0,"7":0,"8":0,"9":31,"10":31,"11":31,"12":31,"13":7,"14":7,"15":6,"16":31,"17":7,"18":7,"19":7,"20":31,"21":9,"22":9,"23":8,"24":31,"25":6,"26":0,"27":6,"28":1,"29":6,"30":6,"31":6,"32":6,"33":6,"34":6,"35":1,"36":5,"37":2,"38":3,"39":1,"40":2,"41":6,"42":6,"43":6,"44":0,"45":31,"46":6,"47":31,"48":0},"f":{"0":31,"1":0,"2":7,"3":7,"4":9,"5":6,"6":6,"7":0},"b":{"0":[6,1],"1":[7,1],"2":[7,0],"3":[7,0],"4":[8,1],"5":[9,1],"6":[0,6],"7":[6,6,6],"8":[1,5],"9":[6,1,5],"10":[1,5],"11":[2,3],"12":[1,2],"13":[6,0]},"_coverageSchema":"1a1c01bbd47fc00a2c39e90264f33305004495a9","hash":"e8cbca92dc004768ce2050758bed54998bb27865"}
}
