{"C:\\Users\\RPC\\Documents\\GitHub\\Assgnt3\\src\\App.jsx": {"path":"C:\\Users\\RPC\\Documents\\GitHub\\Assgnt3\\src\\App.jsx","statementMap":{"0":{"start":{"line":7,"column":14},"end":{"line":7,"column":26}},"1":{"start":{"line":9,"column":29},"end":{"line":9,"column":40}},"2":{"start":{"line":10,"column":20},"end":{"line":10,"column":30}},"3":{"start":{"line":12,"column":20},"end":{"line":12,"column":30}},"4":{"start":{"line":13,"column":20},"end":{"line":13,"column":28}},"5":{"start":{"line":15,"column":25},"end":{"line":22,"column":3}},"6":{"start":{"line":16,"column":17},"end":{"line":16,"column":54}},"7":{"start":{"line":17,"column":17},"end":{"line":17,"column":55}},"8":{"start":{"line":19,"column":4},"end":{"line":19,"column":15}},"9":{"start":{"line":21,"column":4},"end":{"line":21,"column":15}},"10":{"start":{"line":24,"column":40},"end":{"line":24,"column":52}},"11":{"start":{"line":26,"column":40},"end":{"line":26,"column":52}},"12":{"start":{"line":28,"column":40},"end":{"line":28,"column":52}},"13":{"start":{"line":30,"column":28},"end":{"line":36,"column":3}},"14":{"start":{"line":31,"column":18},"end":{"line":31,"column":33}},"15":{"start":{"line":33,"column":4},"end":{"line":35,"column":5}},"16":{"start":{"line":34,"column":6},"end":{"line":34,"column":41}},"17":{"start":{"line":38,"column":34},"end":{"line":44,"column":3}},"18":{"start":{"line":39,"column":18},"end":{"line":39,"column":33}},"19":{"start":{"line":41,"column":4},"end":{"line":43,"column":5}},"20":{"start":{"line":42,"column":6},"end":{"line":42,"column":41}},"21":{"start":{"line":46,"column":34},"end":{"line":52,"column":3}},"22":{"start":{"line":47,"column":18},"end":{"line":47,"column":35}},"23":{"start":{"line":49,"column":4},"end":{"line":51,"column":5}},"24":{"start":{"line":50,"column":6},"end":{"line":50,"column":41}},"25":{"start":{"line":54,"column":23},"end":{"line":96,"column":3}},"26":{"start":{"line":55,"column":4},"end":{"line":57,"column":5}},"27":{"start":{"line":58,"column":4},"end":{"line":61,"column":5}},"28":{"start":{"line":59,"column":6},"end":{"line":59,"column":46}},"29":{"start":{"line":63,"column":30},"end":{"line":63,"column":60}},"30":{"start":{"line":64,"column":21},"end":{"line":64,"column":34}},"31":{"start":{"line":65,"column":21},"end":{"line":65,"column":46}},"32":{"start":{"line":67,"column":14},"end":{"line":67,"column":38}},"33":{"start":{"line":68,"column":4},"end":{"line":68,"column":37}},"34":{"start":{"line":72,"column":4},"end":{"line":80,"column":5}},"35":{"start":{"line":73,"column":6},"end":{"line":73,"column":31}},"36":{"start":{"line":74,"column":11},"end":{"line":80,"column":5}},"37":{"start":{"line":75,"column":6},"end":{"line":75,"column":33}},"38":{"start":{"line":76,"column":11},"end":{"line":80,"column":5}},"39":{"start":{"line":77,"column":6},"end":{"line":77,"column":30}},"40":{"start":{"line":79,"column":6},"end":{"line":79,"column":25}},"41":{"start":{"line":84,"column":0},"end":{"line":89,"column":1}},"42":{"start":{"line":85,"column":0},"end":{"line":85,"column":59}},"43":{"start":{"line":86,"column":1},"end":{"line":86,"column":26}},"44":{"start":{"line":88,"column":0},"end":{"line":88,"column":29}},"45":{"start":{"line":98,"column":23},"end":{"line":104,"column":3}},"46":{"start":{"line":99,"column":4},"end":{"line":103,"column":6}},"47":{"start":{"line":106,"column":2},"end":{"line":159,"column":4}},"48":{"start":{"line":110,"column":8},"end":{"line":110,"column":26}}},"fnMap":{"0":{"name":"App","decl":{"start":{"line":6,"column":9},"end":{"line":6,"column":12}},"loc":{"start":{"line":6,"column":15},"end":{"line":160,"column":1}},"line":6},"1":{"name":"(anonymous_1)","decl":{"start":{"line":15,"column":25},"end":{"line":15,"column":26}},"loc":{"start":{"line":15,"column":36},"end":{"line":22,"column":3}},"line":15},"2":{"name":"(anonymous_2)","decl":{"start":{"line":30,"column":28},"end":{"line":30,"column":29}},"loc":{"start":{"line":30,"column":39},"end":{"line":36,"column":3}},"line":30},"3":{"name":"(anonymous_3)","decl":{"start":{"line":38,"column":34},"end":{"line":38,"column":35}},"loc":{"start":{"line":38,"column":45},"end":{"line":44,"column":3}},"line":38},"4":{"name":"(anonymous_4)","decl":{"start":{"line":46,"column":34},"end":{"line":46,"column":35}},"loc":{"start":{"line":46,"column":45},"end":{"line":52,"column":3}},"line":46},"5":{"name":"(anonymous_5)","decl":{"start":{"line":54,"column":23},"end":{"line":54,"column":24}},"loc":{"start":{"line":54,"column":61},"end":{"line":96,"column":3}},"line":54},"6":{"name":"(anonymous_6)","decl":{"start":{"line":98,"column":23},"end":{"line":98,"column":24}},"loc":{"start":{"line":98,"column":29},"end":{"line":104,"column":3}},"line":98},"7":{"name":"(anonymous_7)","decl":{"start":{"line":109,"column":19},"end":{"line":109,"column":20}},"loc":{"start":{"line":109,"column":26},"end":{"line":111,"column":7}},"line":109}},"branchMap":{"0":{"loc":{"start":{"line":33,"column":4},"end":{"line":35,"column":5}},"type":"if","locations":[{"start":{"line":33,"column":4},"end":{"line":35,"column":5}},{"start":{},"end":{}}],"line":33},"1":{"loc":{"start":{"line":33,"column":8},"end":{"line":33,"column":67}},"type":"binary-expr","locations":[{"start":{"line":33,"column":8},"end":{"line":33,"column":38}},{"start":{"line":33,"column":42},"end":{"line":33,"column":67}}],"line":33},"2":{"loc":{"start":{"line":41,"column":4},"end":{"line":43,"column":5}},"type":"if","locations":[{"start":{"line":41,"column":4},"end":{"line":43,"column":5}},{"start":{},"end":{}}],"line":41},"3":{"loc":{"start":{"line":41,"column":8},"end":{"line":41,"column":67}},"type":"binary-expr","locations":[{"start":{"line":41,"column":8},"end":{"line":41,"column":38}},{"start":{"line":41,"column":42},"end":{"line":41,"column":67}}],"line":41},"4":{"loc":{"start":{"line":49,"column":4},"end":{"line":51,"column":5}},"type":"if","locations":[{"start":{"line":49,"column":4},"end":{"line":51,"column":5}},{"start":{},"end":{}}],"line":49},"5":{"loc":{"start":{"line":49,"column":8},"end":{"line":49,"column":67}},"type":"binary-expr","locations":[{"start":{"line":49,"column":8},"end":{"line":49,"column":38}},{"start":{"line":49,"column":42},"end":{"line":49,"column":67}}],"line":49},"6":{"loc":{"start":{"line":55,"column":4},"end":{"line":57,"column":5}},"type":"if","locations":[{"start":{"line":55,"column":4},"end":{"line":57,"column":5}},{"start":{},"end":{}}],"line":55},"7":{"loc":{"start":{"line":55,"column":8},"end":{"line":55,"column":56}},"type":"binary-expr","locations":[{"start":{"line":55,"column":8},"end":{"line":55,"column":22}},{"start":{"line":55,"column":26},"end":{"line":55,"column":42}},{"start":{"line":55,"column":46},"end":{"line":55,"column":56}}],"line":55},"8":{"loc":{"start":{"line":58,"column":4},"end":{"line":61,"column":5}},"type":"if","locations":[{"start":{"line":58,"column":4},"end":{"line":61,"column":5}},{"start":{},"end":{}}],"line":58},"9":{"loc":{"start":{"line":58,"column":8},"end":{"line":58,"column":64}},"type":"binary-expr","locations":[{"start":{"line":58,"column":9},"end":{"line":58,"column":25}},{"start":{"line":58,"column":29},"end":{"line":58,"column":47}},{"start":{"line":58,"column":52},"end":{"line":58,"column":64}}],"line":58},"10":{"loc":{"start":{"line":72,"column":4},"end":{"line":80,"column":5}},"type":"if","locations":[{"start":{"line":72,"column":4},"end":{"line":80,"column":5}},{"start":{"line":74,"column":11},"end":{"line":80,"column":5}}],"line":72},"11":{"loc":{"start":{"line":74,"column":11},"end":{"line":80,"column":5}},"type":"if","locations":[{"start":{"line":74,"column":11},"end":{"line":80,"column":5}},{"start":{"line":76,"column":11},"end":{"line":80,"column":5}}],"line":74},"12":{"loc":{"start":{"line":76,"column":11},"end":{"line":80,"column":5}},"type":"if","locations":[{"start":{"line":76,"column":11},"end":{"line":80,"column":5}},{"start":{"line":78,"column":11},"end":{"line":80,"column":5}}],"line":76},"13":{"loc":{"start":{"line":84,"column":0},"end":{"line":89,"column":1}},"type":"if","locations":[{"start":{"line":84,"column":0},"end":{"line":89,"column":1}},{"start":{"line":87,"column":5},"end":{"line":89,"column":1}}],"line":84}},"s":{"0":31,"1":31,"2":31,"3":31,"4":31,"5":31,"6":0,"7":0,"8":0,"9":0,"10":31,"11":31,"12":31,"13":31,"14":7,"15":7,"16":6,"17":31,"18":7,"19":7,"20":7,"21":31,"22":9,"23":9,"24":8,"25":31,"26":6,"27":6,"28":1,"29":6,"30":6,"31":6,"32":6,"33":6,"34":6,"35":1,"36":5,"37":2,"38":3,"39":1,"40":2,"41":6,"42":6,"43":6,"44":0,"45":31,"46":6,"47":31,"48":0},"f":{"0":31,"1":0,"2":7,"3":7,"4":9,"5":6,"6":6,"7":0},"b":{"0":[6,1],"1":[7,1],"2":[7,0],"3":[7,0],"4":[8,1],"5":[9,1],"6":[0,6],"7":[6,6,6],"8":[1,5],"9":[6,1,5],"10":[1,5],"11":[2,3],"12":[1,2],"13":[6,0]},"_coverageSchema":"1a1c01bbd47fc00a2c39e90264f33305004495a9","hash":"81c95287533a225098d02d44a4147d80c44ee78f"}
}
