TN:
SF:src\App.jsx
FN:6,App
FN:15,(anonymous_1)
FN:30,(anonymous_2)
FN:38,(anonymous_3)
FN:46,(anonymous_4)
FN:54,(anonymous_5)
FN:98,(anonymous_6)
FN:109,(anonymous_7)
FNF:8
FNH:6
FNDA:31,App
FNDA:0,(anonymous_1)
FNDA:7,(anonymous_2)
FNDA:7,(anonymous_3)
FNDA:9,(anonymous_4)
FNDA:6,(anonymous_5)
FNDA:6,(anonymous_6)
FNDA:0,(anonymous_7)
DA:7,31
DA:9,31
DA:10,31
DA:12,31
DA:13,31
DA:15,31
DA:16,0
DA:17,0
DA:19,0
DA:21,0
DA:24,31
DA:26,31
DA:28,31
DA:30,31
DA:31,7
DA:33,7
DA:34,6
DA:38,31
DA:39,7
DA:41,7
DA:42,7
DA:46,31
DA:47,9
DA:49,9
DA:50,8
DA:54,31
DA:55,6
DA:58,6
DA:59,1
DA:63,6
DA:64,6
DA:65,6
DA:67,6
DA:68,6
DA:72,6
DA:73,1
DA:74,5
DA:75,2
DA:76,3
DA:77,1
DA:79,2
DA:84,6
DA:85,6
DA:86,6
DA:88,0
DA:98,31
DA:99,6
DA:106,31
DA:110,0
LF:49
LH:43
BRDA:33,0,0,6
BRDA:33,0,1,1
BRDA:33,1,0,7
BRDA:33,1,1,1
BRDA:41,2,0,7
BRDA:41,2,1,0
BRDA:41,3,0,7
BRDA:41,3,1,0
BRDA:49,4,0,8
BRDA:49,4,1,1
BRDA:49,5,0,9
BRDA:49,5,1,1
BRDA:55,6,0,0
BRDA:55,6,1,6
BRDA:55,7,0,6
BRDA:55,7,1,6
BRDA:55,7,2,6
BRDA:58,8,0,1
BRDA:58,8,1,5
BRDA:58,9,0,6
BRDA:58,9,1,1
BRDA:58,9,2,5
BRDA:72,10,0,1
BRDA:72,10,1,5
BRDA:74,11,0,2
BRDA:74,11,1,3
BRDA:76,12,0,1
BRDA:76,12,1,2
BRDA:84,13,0,6
BRDA:84,13,1,0
BRF:30
BRH:26
end_of_record
