TN:
SF:src\App.jsx
FN:9,App
FN:18,(anonymous_1)
FN:33,(anonymous_2)
FN:41,(anonymous_3)
FN:49,(anonymous_4)
FN:57,(anonymous_5)
FN:92,(anonymous_6)
FN:103,(anonymous_7)
FNF:8
FNH:6
FNDA:31,App
FNDA:0,(anonymous_1)
FNDA:7,(anonymous_2)
FNDA:7,(anonymous_3)
FNDA:9,(anonymous_4)
FNDA:6,(anonymous_5)
FNDA:6,(anonymous_6)
FNDA:0,(anonymous_7)
DA:10,31
DA:13,31
DA:15,31
DA:16,31
DA:18,31
DA:19,0
DA:20,0
DA:22,0
DA:24,0
DA:27,31
DA:29,31
DA:31,31
DA:33,31
DA:34,7
DA:36,7
DA:37,6
DA:41,31
DA:42,7
DA:44,7
DA:45,7
DA:49,31
DA:50,9
DA:52,9
DA:53,8
DA:57,31
DA:58,6
DA:59,0
DA:61,6
DA:62,1
DA:65,6
DA:66,6
DA:67,6
DA:69,6
DA:70,6
DA:74,6
DA:75,1
DA:76,5
DA:77,2
DA:78,3
DA:79,1
DA:81,2
DA:84,6
DA:85,6
DA:86,6
DA:88,0
DA:92,31
DA:93,6
DA:100,31
DA:104,0
LF:49
LH:42
BRDA:36,0,0,6
BRDA:36,0,1,1
BRDA:36,1,0,7
BRDA:36,1,1,1
BRDA:44,2,0,7
BRDA:44,2,1,0
BRDA:44,3,0,7
BRDA:44,3,1,0
BRDA:52,4,0,8
BRDA:52,4,1,1
BRDA:52,5,0,9
BRDA:52,5,1,1
BRDA:58,6,0,0
BRDA:58,6,1,6
BRDA:58,7,0,6
BRDA:58,7,1,6
BRDA:58,7,2,6
BRDA:61,8,0,1
BRDA:61,8,1,5
BRDA:61,9,0,6
BRDA:61,9,1,1
BRDA:61,9,2,5
BRDA:74,10,0,1
BRDA:74,10,1,5
BRDA:76,11,0,2
BRDA:76,11,1,3
BRDA:78,12,0,1
BRDA:78,12,1,2
BRDA:84,13,0,6
BRDA:84,13,1,0
BRF:30
BRH:26
end_of_record
